# mesh name: boxMesh_4
# primitive scorer name: eDep
-47.5  34  0  38.47578672478522
-46.25  -4.5  0  1.238568315005543
-24  10.25  0  32.52409753393933
-23.5  -16.25  0  2.051117204567084
-15.25  -14.5  0  3.73608819304162
-15  -14.5  0  55.81919990972695
-14  -75.75  0  38.83717145797416
-14  -75.5  0  19.64210164810491
-14  14.25  0  25.69309784759088
-13.75  -75.75  0  19.65960193937295
-13.75  14.25  0  1.113572208897887
-9.5  -9.75  0  32.01605277139657
-6.75  13.75  0  10.87905374495723
-4.5  40.5  0  10.39496441624593
-3.75  -4  0  183.9516434193314
-3.75  -3.75  0  55.59090518980916
-3.5  -4  0  28.48980826652482
-3.5  -3.75  0  2.809767617004171
-3.5  -3.5  0  56.8546878325157
-3.5  -3.25  0  11.14841321280552
-3.25  -3.25  0  36.05803042823992
-3.25  -1.25  0  62.70481810272712
-3.25  -1  0  90.66780462587293
-3  -1  0  63.60373200540048
-3  -0.75  0  10.40117458074208
-2.75  -0.25  0  7.65584420287052
-1.25  49.25  0  70.84712110653523
-0.75  -0.75  0  70.16230422305416
-0.75  0.25  0  80.66726279429714
-0.5  -1.75  0  32.78744414731438
-0.5  -0.75  0  32.54969935878962
-0.5  0  0  67.41379122730228
-0.5  2.75  0  51.95511185828961
-0.25  -0.25  0  491.3734837830212
-0.25  0  0  1845.408888352968
-0.25  0.25  0  847.5204002236889
0  -0.5  0  197.7050077002957
0  -0.25  0  1968.363219851678
0  0  0  4302.366857616446
0  0.25  0  3664.981128982734
0  0.5  0  15.94477764890628
0.25  -1.75  0  125.8473930323543
0.25  -0.25  0  1377.271293003289
0.25  0  0  1721.360390071603
0.25  0.25  0  1358.776190085287
0.75  -0.75  0  58.26710942415126
0.75  -0.5  0  64.6717377260787
1  -5.75  0  22.60533357989119
1.5  -0.75  0  60.67818927942259
1.5  -0.5  0  3.019160649722232
1.75  7.25  0  30.40380165257064
2  1.75  0  80.5029163278065
2  2  0  20.31887274804129
2  10.25  0  3.847459799119977
2.25  2  0  65.03073684370322
2.25  10.25  0  64.9824312870477
2.75  -3.25  0  26.32570298143516
4.25  21.25  0  87.99022490742813
4.75  -3.25  0  17.40002269307556
5.75  8  0  83.63783223944779
6.5  -9.25  0  0.2842755982640754
6.5  -9  0  18.80894005844081
6.75  7.25  0  16.55237565584265
7  7.25  0  1.993401698627788
11  12.25  0  38.20576514023576
11.25  12.25  0  69.15865696137222
11.75  22.25  0  63.10170363929707
18.5  49.25  0  55.0144117369882
19.25  -27  0  18.47797291348494
23.5  -14  0  44.47747997577211
30.25  -18.75  0  13.06098876188105
51  -28.5  0  20.2153521108557
77.25  64  0  75.11231107624363
